#
# There is insufficient memory for the Java Runtime Environment to continue.
# Native memory allocation (mmap) failed to map 266338304 bytes. Error detail: G1 virtual space
# Possible reasons:
#   The system is out of physical RAM or swap space
#   This process is running with CompressedOops enabled, and the Java Heap may be blocking the growth of the native heap
# Possible solutions:
#   Reduce memory load on the system
#   Increase physical memory or swap space
#   Check if swap backing store is full
#   Decrease Java heap size (-Xmx/-Xms)
#   Decrease number of Java threads
#   Decrease Java thread stack sizes (-Xss)
#   Set larger code cache with -XX:ReservedCodeCacheSize=
#   JVM is running with Zero Based Compressed Oops mode in which the Java heap is
#     placed in the first 32GB address space. The Java Heap base address is the
#     maximum limit for the native heap growth. Please use -XX:HeapBaseMinAddress
#     to set the Java Heap base and to place the Java Heap above 32GB virtual address.
# This output file may be truncated or incomplete.
#
#  Out of Memory Error (os_windows.cpp:3564), pid=19900, tid=9332
#
# JRE version:  (24.0.2+12) (build )
# Java VM: Java HotSpot(TM) 64-Bit Server VM (24.0.2+12-54, mixed mode, sharing, tiered, compressed oops, compressed class ptrs, g1 gc, windows-amd64)
# No core dump will be written. Minidumps are not enabled by default on client versions of Windows
#

---------------  S U M M A R Y ------------

Command Line: -javaagent:C:\Program Files\JetBrains\IntelliJ IDEA Community Edition 2025.2.4\lib\idea_rt.jar=55855 -Dfile.encoding=UTF-8 -Dsun.stdout.encoding=UTF-8 -Dsun.stderr.encoding=UTF-8 DemoJdbc

Host: Intel(R) Core(TM) i5-8365U CPU @ 1.60GHz, 8 cores, 15G,  Windows 10 , 64 bit Build 19041 (10.0.19041.5915)
Time: Wed Feb 25 01:09:30 2026 India Standard Time elapsed time: 0.010351 seconds (0d 0h 0m 0s)

---------------  T H R E A D  ---------------

Current thread (0x0000011bfb37a710):  JavaThread "Unknown thread" [_thread_in_vm, id=9332, stack(0x0000000b49f00000,0x0000000b4a000000) (1024K)]

Stack: [0x0000000b49f00000,0x0000000b4a000000]
Native frames: (J=compiled Java code, j=interpreted, Vv=VM code, C=native code)
V  [jvm.dll+0x730829]  (no source info available)
V  [jvm.dll+0x8d9da3]  (no source info available)
V  [jvm.dll+0x8dc28d]  (no source info available)
V  [jvm.dll+0x8dc903]  (no source info available)
V  [jvm.dll+0x2a9f56]  (no source info available)
V  [jvm.dll+0x72cd55]  (no source info available)
V  [jvm.dll+0x72066a]  (no source info available)
V  [jvm.dll+0x390b7a]  (no source info available)
V  [jvm.dll+0x398906]  (no source info available)
V  [jvm.dll+0x3850de]  (no source info available)
V  [jvm.dll+0x385398]  (no source info available)
V  [jvm.dll+0x35d10c]  (no source info available)
V  [jvm.dll+0x35ddcd]  (no source info available)
V  [jvm.dll+0x89d50f]  (no source info available)
V  [jvm.dll+0x3f979d]  (no source info available)
V  [jvm.dll+0x885b66]  (no source info available)
V  [jvm.dll+0x495e7e]  (no source info available)
V  [jvm.dll+0x497c51]  (no source info available)
C  [jli.dll+0x52a1]  (no source info available)
C  [ucrtbase.dll+0x21bb2]  (no source info available)
C  [KERNEL32.DLL+0x17374]  (no source info available)
C  [ntdll.dll+0x4cc91]  (no source info available)

Lock stack of current Java thread (top to bottom):


---------------  P R O C E S S  ---------------

Threads class SMR info:
_java_thread_list=0x00007ff8c90df318, length=0, elements={
}

Java Threads: ( => current thread )
Total: 0

Other Threads:
  0x0000011bfb3e7510 WorkerThread "GC Thread#0"                     [id=5744, stack(0x0000000b4a000000,0x0000000b4a100000) (1024K)]
  0x0000011bfb3fd650 ConcurrentGCThread "G1 Main Marker"            [id=16216, stack(0x0000000b4a100000,0x0000000b4a200000) (1024K)]
  0x0000011bfb3fe070 WorkerThread "G1 Conc#0"                       [id=4164, stack(0x0000000b4a200000,0x0000000b4a300000) (1024K)]

[error occurred during error reporting (printing all threads), id 0xc0000005, EXCEPTION_ACCESS_VIOLATION (0xc0000005) at pc=0x00007ff8c881138a]
VM state: not at safepoint (not fully initialized)

VM Mutex/Monitor currently owned by a thread:  ([mutex/lock_event])
[0x00007ff8c91645f0] Heap_lock - owner thread: 0x0000011bfb37a710

Heap address: 0x0000000702e00000, size: 4050 MB, Compressed Oops mode: Zero based, Oop shift amount: 3

CDS archive(s) mapped at: [0x0000000000000000-0x0000000000000000-0x0000000000000000), size 0, SharedBaseAddress: 0x0000000800000000, ArchiveRelocationMode: 1.
UseCompressedClassPointers 1, UseCompactObjectHeaders 0
Narrow klass pointer bits 32, Max shift 3
Narrow klass base: 0xffffffffffffffff, Narrow klass shift: -1
Encoding Range: [0xffffffffffffffff - 0x000000007fffffff), (2147483648 bytes)
Klass Range:    [0x0000000000000000 - 0x0000000000000000), (0 bytes)
Klass ID Range:  [4294967295 - 0) (1)

GC Precious Log:
 CardTable entry size: 512
 Card Set container configuration: InlinePtr #cards 4 size 8 Array Of Cards #cards 16 size 48 Howl #buckets 8 coarsen threshold 3686 Howl Bitmap #cards 512 size 80 coarsen threshold 460 Card regions per heap region 1 cards per card region 4096

Heap:
 garbage-first heap   total reserved 4147200K, committed 0K, used 0K [0x0000000702e00000, 0x0000000800000000)
  region size 2048K, 0 young (0K), 0 survivors (0K)

[error occurred during error reporting (printing heap information), id 0xc0000005, EXCEPTION_ACCESS_VIOLATION (0xc0000005) at pc=0x00007ff8c8c2e679]
GC Heap History (0 events):
No events

Dll operation events (1 events):
Event: 0.008 Loaded shared library C:\Program Files\Java\jdk-24\bin\java.dll

Deoptimization events (0 events):
No events

Classes loaded (0 events):
No events

Classes unloaded (0 events):
No events

Classes redefined (0 events):
No events

Internal exceptions (0 events):
No events

VM Operations (0 events):
No events

Memory protections (0 events):
No events

Nmethod flushes (0 events):
No events

Events (0 events):
No events


Dynamic libraries:
0x00007ff70fe40000 - 0x00007ff70fe50000 	C:\Program Files\Java\jdk-24\bin\java.exe
0x00007ff917090000 - 0x00007ff917288000 	C:\Windows\SYSTEM32\ntdll.dll
0x00007ff916f10000 - 0x00007ff916fd2000 	C:\Windows\System32\KERNEL32.DLL
0x00007ff9148c0000 - 0x00007ff914bb6000 	C:\Windows\System32\KERNELBASE.dll
0x00007ff914d10000 - 0x00007ff914e10000 	C:\Windows\System32\ucrtbase.dll
0x00007ff90b7d0000 - 0x00007ff90b7e6000 	C:\Program Files\Java\jdk-24\bin\jli.dll
0x00007ff90b7b0000 - 0x00007ff90b7cb000 	C:\Program Files\Java\jdk-24\bin\VCRUNTIME140.dll
0x00007ff915380000 - 0x00007ff915521000 	C:\Windows\System32\USER32.dll
0x00007ff915080000 - 0x00007ff9150a2000 	C:\Windows\System32\win32u.dll
0x00007ff8fd430000 - 0x00007ff8fd6cb000 	C:\Windows\WinSxS\amd64_microsoft.windows.common-controls_6595b64144ccf1df_6.0.19041.6456_none_60b8a6cb71f64256\COMCTL32.dll
0x00007ff916000000 - 0x00007ff91602b000 	C:\Windows\System32\GDI32.dll
0x00007ff916650000 - 0x00007ff9166ee000 	C:\Windows\System32\msvcrt.dll
0x00007ff914720000 - 0x00007ff914839000 	C:\Windows\System32\gdi32full.dll
0x00007ff914c70000 - 0x00007ff914d0d000 	C:\Windows\System32\msvcp_win.dll
0x00007ff916620000 - 0x00007ff91664f000 	C:\Windows\System32\IMM32.DLL
0x00007ff90e030000 - 0x00007ff90e03c000 	C:\Program Files\Java\jdk-24\bin\vcruntime140_1.dll
0x00007ff8e8e70000 - 0x00007ff8e8efe000 	C:\Program Files\Java\jdk-24\bin\msvcp140.dll
0x00007ff8c84a0000 - 0x00007ff8c9241000 	C:\Program Files\Java\jdk-24\bin\server\jvm.dll
0x00007ff916030000 - 0x00007ff9160e1000 	C:\Windows\System32\ADVAPI32.dll
0x00007ff916150000 - 0x00007ff9161ef000 	C:\Windows\System32\sechost.dll
0x00007ff916b60000 - 0x00007ff916c80000 	C:\Windows\System32\RPCRT4.dll
0x00007ff914f70000 - 0x00007ff914f97000 	C:\Windows\System32\bcrypt.dll
0x00007ff916410000 - 0x00007ff91647b000 	C:\Windows\System32\WS2_32.dll
0x00007ff914100000 - 0x00007ff91414b000 	C:\Windows\SYSTEM32\POWRPROF.dll
0x00007ff8fd8a0000 - 0x00007ff8fd8c7000 	C:\Windows\SYSTEM32\WINMM.dll
0x00007ff90b4e0000 - 0x00007ff90b4ea000 	C:\Windows\SYSTEM32\VERSION.dll
0x00007ff9140e0000 - 0x00007ff9140f2000 	C:\Windows\SYSTEM32\UMPDC.dll
0x00007ff912f30000 - 0x00007ff912f42000 	C:\Windows\SYSTEM32\kernel.appcore.dll
0x00007ff90b7a0000 - 0x00007ff90b7aa000 	C:\Program Files\Java\jdk-24\bin\jimage.dll
0x00007ff90f420000 - 0x00007ff90f621000 	C:\Windows\SYSTEM32\DBGHELP.DLL
0x00007ff8f7fd0000 - 0x00007ff8f8004000 	C:\Windows\SYSTEM32\dbgcore.DLL
0x00007ff914fa0000 - 0x00007ff915022000 	C:\Windows\System32\bcryptPrimitives.dll
0x00007ff90b790000 - 0x00007ff90b79f000 	C:\Program Files\Java\jdk-24\bin\instrument.dll
0x00007ff90af60000 - 0x00007ff90af7e000 	C:\Program Files\Java\jdk-24\bin\java.dll
0x00007ff916ca0000 - 0x00007ff916dcb000 	C:\Windows\System32\ole32.dll
0x00007ff915ca0000 - 0x00007ff915ff4000 	C:\Windows\System32\combase.dll
0x00007ff915530000 - 0x00007ff915ca0000 	C:\Windows\System32\SHELL32.dll

JVMTI agents:
C:\Program Files\JetBrains\IntelliJ IDEA Community Edition 2025.2.4\lib\idea_rt.jar path:none, loaded, not initialized, instrumentlib options:55855

dbghelp: loaded successfully - version: 4.0.5 - missing functions: none
symbol engine: initialized successfully - sym options: 0x614 - pdb path: .;C:\Program Files\Java\jdk-24\bin;C:\Windows\SYSTEM32;C:\Windows\WinSxS\amd64_microsoft.windows.common-controls_6595b64144ccf1df_6.0.19041.6456_none_60b8a6cb71f64256;C:\Program Files\Java\jdk-24\bin\server

VM Arguments:
jvm_args: -javaagent:C:\Program Files\JetBrains\IntelliJ IDEA Community Edition 2025.2.4\lib\idea_rt.jar=55855 -Dfile.encoding=UTF-8 -Dsun.stdout.encoding=UTF-8 -Dsun.stderr.encoding=UTF-8 
java_command: DemoJdbc
java_class_path (initial): C:\Users\Admin\Desktop\projects\JDBCUDEMY\JDBCUDEMY\out\production\JDBCUDEMY;C:\Users\Admin\Downloads\postgresql-42.7.10.jar
Launcher Type: SUN_STANDARD

[Global flags]
     intx CICompilerCount                          = 4                                         {product} {ergonomic}
     uint ConcGCThreads                            = 2                                         {product} {ergonomic}
     uint G1ConcRefinementThreads                  = 8                                         {product} {ergonomic}
   size_t G1HeapRegionSize                         = 2097152                                   {product} {ergonomic}
   size_t InitialHeapSize                          = 266338304                                 {product} {ergonomic}
   size_t MarkStackSize                            = 4194304                                   {product} {ergonomic}
   size_t MarkStackSizeMax                         = 536870912                                 {product} {ergonomic}
   size_t MaxHeapSize                              = 4246732800                                {product} {ergonomic}
   size_t MinHeapDeltaBytes                        = 2097152                                   {product} {ergonomic}
   size_t MinHeapSize                              = 8388608                                   {product} {ergonomic}
    uintx NonNMethodCodeHeapSize                   = 5832704                                {pd product} {ergonomic}
    uintx NonProfiledCodeHeapSize                  = 122945536                              {pd product} {ergonomic}
    uintx ProfiledCodeHeapSize                     = 122880000                              {pd product} {ergonomic}
    uintx ReservedCodeCacheSize                    = 251658240                              {pd product} {ergonomic}
     bool SegmentedCodeCache                       = true                                      {product} {ergonomic}
   size_t SoftMaxHeapSize                          = 4246732800                             {manageable} {ergonomic}
     bool UseCompressedOops                        = true                           {product lp64_product} {ergonomic}
     bool UseG1GC                                  = true                                      {product} {ergonomic}
     bool UseLargePagesIndividualAllocation        = false                                  {pd product} {ergonomic}

Logging:
Log output configuration:
 #0: stdout all=warning uptime,level,tags foldmultilines=false
 #1: stderr all=off uptime,level,tags foldmultilines=false

Environment Variables:
CLASSPATH=D:\mysql-connector-j-9.6.0.jar;.;
PATH=C:\Program Files\Common Files\Oracle\Java\javapath;C:\Program Files\Python314\Scripts\;C:\Program Files\Python314\;C:\Windows\system32;C:\Windows;C:\Windows\System32\Wbem;C:\Windows\System32\WindowsPowerShell\v1.0\;C:\Windows\System32\OpenSSH\;C:\Program Files\Git\cmd;C:\Program Files\WinMerge;C:\Program Files\Java\jdk-17\bin;C:\Program Files\JetBrains\IntelliJ IDEA Community Edition 2025.2.4\bin;C:\Gradle\gradle-8.14.3\bin;C:\Program Files\MySQL\MySQL Server 8.0\bin;C:\Program Files\WireGuard\;C:\Program Files\MySQL\MySQL Shell 8.0\bin\;C:\Users\Admin\AppData\Local\Microsoft\WindowsApps;C:\Users\Admin\AppData\Local\Programs\Microsoft VS Code\bin;C:\Program Files\Python314;C:\Program Files\Python314\Scripts;
USERNAME=Admin
OS=Windows_NT
PROCESSOR_IDENTIFIER=Intel64 Family 6 Model 142 Stepping 12, GenuineIntel
TMP=C:\Users\Admin\AppData\Local\Temp
TEMP=C:\Users\Admin\AppData\Local\Temp




Periodic native trim disabled

---------------  S Y S T E M  ---------------

OS:
 Windows 10 , 64 bit Build 19041 (10.0.19041.5915)
OS uptime: 6 days 0:11 hours

CPU: total 8 (initial active 8) (4 cores per cpu, 2 threads per core) family 6 model 142 stepping 12 microcode 0xfe, cx8, cmov, fxsr, ht, mmx, 3dnowpref, sse, sse2, sse3, ssse3, sse4.1, sse4.2, popcnt, lzcnt, tsc, tscinvbit, avx, avx2, aes, erms, clmul, bmi1, bmi2, adx, fma, vzeroupper, clflush, clflushopt, rdtscp, f16c
Processor Information for the first 8 processors :
  Max Mhz: 1896, Current Mhz: 1596, Mhz Limit: 1592

Memory: 4k page, system-wide physical 16194M (3365M free)
TotalPageFile size 28611M (AvailPageFile size 210M)
current process WorkingSet (physical memory assigned to process): 12M, peak: 12M
current process commit charge ("private bytes"): 61M, peak: 314M

vm_info: Java HotSpot(TM) 64-Bit Server VM (24.0.2+12-54) for windows-amd64 JRE (24.0.2+12-54), built on 2025-07-08T12:10:27Z with MS VC++ 17.6 (VS2022)

END.
